2024-08-11 21:35:52 - ERROR - --------------------------------------------------
2024-08-11 21:35:52 - ERROR - Error for query: who is elvis
2024-08-11 21:35:52 - ERROR - SQL: 'SELECT DISTINCT artist FROM pg_music_slim WHERE LOWER(artist) LIKE '%elvis%' AND artist IS NOT NULL;'
2024-08-11 21:35:52 - ERROR - Error message: No data returned.
2024-08-11 21:35:52 - ERROR - --------------------------------------------------

2024-08-11 21:35:53 - ERROR - --------------------------------------------------
2024-08-11 21:35:53 - ERROR - Error for query: who is elvis
2024-08-11 21:35:53 - ERROR - SQL: 'SELECT DISTINCT artist FROM pg_music_slim WHERE LOWER(artist) LIKE 'elvis' AND artist IS NOT NULL;'
2024-08-11 21:35:53 - ERROR - Error message: No data returned.
2024-08-11 21:35:53 - ERROR - --------------------------------------------------

2024-08-11 21:35:55 - ERROR - --------------------------------------------------
2024-08-11 21:35:55 - ERROR - Error for query: who is elvis
2024-08-11 21:35:55 - ERROR - SQL: 'SELECT DISTINCT artist FROM pg_music_slim WHERE LOWER(artist) LIKE '%elvis%' AND artist IS NOT NULL;'
2024-08-11 21:35:55 - ERROR - Error message: No data returned.
2024-08-11 21:35:55 - ERROR - --------------------------------------------------

2024-08-11 21:35:55 - ERROR - Failed to generate SQL query for user questions:
who is elvis
2024-08-11 21:38:54 - ERROR - --------------------------------------------------
2024-08-11 21:38:54 - ERROR - Error for query: who is elvis
2024-08-11 21:38:54 - ERROR - SQL: 'SELECT DISTINCT artist FROM pg_music_slim WHERE LOWER(artist) LIKE '%elvis%' AND artist IS NOT NULL;'
2024-08-11 21:38:54 - ERROR - Error message: No data returned.
2024-08-11 21:38:54 - ERROR - --------------------------------------------------

2024-08-11 21:38:54 - ERROR - --------------------------------------------------
2024-08-11 21:38:54 - ERROR - Error for query: who is elvis
2024-08-11 21:38:54 - ERROR - SQL: 'SELECT DISTINCT artist FROM pg_music_slim WHERE LOWER(artist) LIKE 'elvis' AND artist IS NOT NULL;'
2024-08-11 21:38:54 - ERROR - Error message: No data returned.
2024-08-11 21:38:54 - ERROR - --------------------------------------------------

2024-08-11 21:38:55 - ERROR - --------------------------------------------------
2024-08-11 21:38:55 - ERROR - Error for query: who is elvis
2024-08-11 21:38:55 - ERROR - SQL: 'SELECT DISTINCT artist FROM pg_music_slim WHERE LOWER(artist) LIKE '%elvis%' AND artist IS NOT NULL;'
2024-08-11 21:38:55 - ERROR - Error message: No data returned.
2024-08-11 21:38:55 - ERROR - --------------------------------------------------

2024-08-11 21:38:55 - ERROR - Failed to generate SQL query for user questions:
who is elvis
2024-08-11 21:40:37 - ERROR - --------------------------------------------------
2024-08-11 21:40:37 - ERROR - Error for query: who is elvis
2024-08-11 21:40:37 - ERROR - SQL: 'SELECT DISTINCT artist FROM pg_music_slim WHERE LOWER(artist) LIKE '%elvis%' AND artist IS NOT NULL;'
2024-08-11 21:40:37 - ERROR - Error message: No data returned.
2024-08-11 21:40:37 - ERROR - --------------------------------------------------

2024-08-11 21:40:39 - ERROR - --------------------------------------------------
2024-08-11 21:40:39 - ERROR - Error for query: who is elvis
2024-08-11 21:40:39 - ERROR - SQL: 'SELECT DISTINCT artist FROM pg_music_slim WHERE LOWER(artist) LIKE '%elvis%' AND artist IS NOT NULL LIMIT 1;'
2024-08-11 21:40:39 - ERROR - Error message: No data returned.
2024-08-11 21:40:39 - ERROR - --------------------------------------------------

2024-08-11 21:40:39 - ERROR - --------------------------------------------------
2024-08-11 21:40:39 - ERROR - Error for query: who is elvis
2024-08-11 21:40:39 - ERROR - SQL: 'SELECT DISTINCT artist FROM pg_music_slim WHERE LOWER(artist) LIKE '%elvis%' AND artist IS NOT NULL;'
2024-08-11 21:40:39 - ERROR - Error message: No data returned.
2024-08-11 21:40:39 - ERROR - --------------------------------------------------

2024-08-11 21:40:39 - ERROR - Failed to generate SQL query for user questions:
who is elvis
2024-08-11 21:42:44 - ERROR - --------------------------------------------------
2024-08-11 21:42:44 - ERROR - Error for query: who is elvis
2024-08-11 21:42:44 - ERROR - SQL: 'SELECT DISTINCT artist FROM pg_music_slim WHERE LOWER(artist) LIKE '%elvis%' AND artist IS NOT NULL;'
2024-08-11 21:42:44 - ERROR - Error message: No data returned.
2024-08-11 21:42:44 - ERROR - --------------------------------------------------

2024-08-11 21:42:45 - ERROR - --------------------------------------------------
2024-08-11 21:42:45 - ERROR - Error for query: who is elvis
2024-08-11 21:42:45 - ERROR - SQL: 'SELECT DISTINCT artist FROM pg_music_slim WHERE LOWER(artist) LIKE 'elvis' AND artist IS NOT NULL;'
2024-08-11 21:42:45 - ERROR - Error message: No data returned.
2024-08-11 21:42:45 - ERROR - --------------------------------------------------

2024-08-11 21:42:46 - ERROR - --------------------------------------------------
2024-08-11 21:42:46 - ERROR - Error for query: who is elvis
2024-08-11 21:42:46 - ERROR - SQL: 'SELECT DISTINCT artist FROM pg_music_slim WHERE LOWER(artist) LIKE '%elvis%' AND artist IS NOT NULL;'
2024-08-11 21:42:46 - ERROR - Error message: No data returned.
2024-08-11 21:42:46 - ERROR - --------------------------------------------------

2024-08-11 21:42:46 - ERROR - Failed to generate SQL query for user questions:
who is elvis
2024-08-11 21:44:23 - ERROR - --------------------------------------------------
2024-08-11 21:44:23 - ERROR - Error for query: who is elvis
2024-08-11 21:44:23 - ERROR - SQL: 'SELECT DISTINCT artist FROM pg_music_slim WHERE LOWER(artist) LIKE '%elvis%' AND artist IS NOT NULL;'
2024-08-11 21:44:23 - ERROR - Error message: No data returned.
2024-08-11 21:44:23 - ERROR - --------------------------------------------------

2024-08-11 21:44:24 - ERROR - --------------------------------------------------
2024-08-11 21:44:24 - ERROR - Error for query: who is elvis
2024-08-11 21:44:24 - ERROR - SQL: 'SELECT DISTINCT artist FROM pg_music_slim WHERE LOWER(artist) LIKE 'elvis' AND artist IS NOT NULL;'
2024-08-11 21:44:24 - ERROR - Error message: No data returned.
2024-08-11 21:44:24 - ERROR - --------------------------------------------------

2024-08-11 21:44:25 - ERROR - --------------------------------------------------
2024-08-11 21:44:25 - ERROR - Error for query: who is elvis
2024-08-11 21:44:25 - ERROR - SQL: 'SELECT DISTINCT artist FROM pg_music_slim WHERE LOWER(artist) LIKE '%elvis%' AND artist IS NOT NULL;'
2024-08-11 21:44:25 - ERROR - Error message: No data returned.
2024-08-11 21:44:25 - ERROR - --------------------------------------------------

2024-08-11 21:44:25 - ERROR - Failed to generate SQL query for user questions:
who is elvis
2024-08-11 21:49:44 - ERROR - --------------------------------------------------
2024-08-11 21:49:44 - ERROR - Error for query: who is elvis?
2024-08-11 21:49:44 - ERROR - SQL: 'SELECT DISTINCT artist FROM pg_music_slim WHERE LOWER(artist) LIKE '%elvis%' AND artist IS NOT NULL;'
2024-08-11 21:49:44 - ERROR - Error message: No data returned.
2024-08-11 21:49:44 - ERROR - --------------------------------------------------

2024-08-11 21:49:45 - ERROR - --------------------------------------------------
2024-08-11 21:49:45 - ERROR - Error for query: who is elvis?
2024-08-11 21:49:45 - ERROR - SQL: 'SELECT DISTINCT artist FROM pg_music_slim WHERE LOWER(artist) LIKE '%elvis%' AND artist IS NOT NULL;'
2024-08-11 21:49:45 - ERROR - Error message: No data returned.
2024-08-11 21:49:45 - ERROR - --------------------------------------------------

2024-08-11 21:49:46 - ERROR - --------------------------------------------------
2024-08-11 21:49:46 - ERROR - Error for query: who is elvis?
2024-08-11 21:49:46 - ERROR - SQL: 'SELECT DISTINCT artist FROM pg_music_slim WHERE LOWER(artist) LIKE '%elvis%' AND artist IS NOT NULL;'
2024-08-11 21:49:46 - ERROR - Error message: No data returned.
2024-08-11 21:49:46 - ERROR - --------------------------------------------------

2024-08-11 21:49:46 - ERROR - Failed to generate SQL query for user questions:
who is elvis?
2024-08-11 21:52:17 - ERROR - --------------------------------------------------
2024-08-11 21:52:17 - ERROR - Error for query: who is elvis?
2024-08-11 21:52:17 - ERROR - SQL: 'SELECT DISTINCT artist FROM pg_music_slim WHERE LOWER(artist) LIKE '%elvis%' AND artist IS NOT NULL;'
2024-08-11 21:52:17 - ERROR - Error message: No data returned.
2024-08-11 21:52:17 - ERROR - --------------------------------------------------

2024-08-11 21:52:18 - ERROR - --------------------------------------------------
2024-08-11 21:52:18 - ERROR - Error for query: who is elvis?
2024-08-11 21:52:18 - ERROR - SQL: 'SELECT DISTINCT artist FROM pg_music_slim WHERE LOWER(artist) LIKE '%elvis%' AND artist IS NOT NULL;'
2024-08-11 21:52:18 - ERROR - Error message: No data returned.
2024-08-11 21:52:18 - ERROR - --------------------------------------------------

2024-08-11 21:52:19 - ERROR - --------------------------------------------------
2024-08-11 21:52:19 - ERROR - Error for query: who is elvis?
2024-08-11 21:52:19 - ERROR - SQL: 'SELECT DISTINCT artist FROM pg_music_slim WHERE LOWER(artist) LIKE '%elvis%' AND artist IS NOT NULL;'
2024-08-11 21:52:19 - ERROR - Error message: No data returned.
2024-08-11 21:52:19 - ERROR - --------------------------------------------------

2024-08-11 21:52:19 - ERROR - Failed to generate SQL query for user questions:
who is elvis?
2024-08-11 23:25:34 - ERROR - Task exception was never retrieved
future: <Task finished name='Task-41' coro=<WebSocketProtocol13.write_message.<locals>.wrapper() done, defined at /Users/vinceberry/Desktop/keenai/.venv/lib/python3.12/site-packages/tornado/websocket.py:1086> exception=WebSocketClosedError()>
Traceback (most recent call last):
  File "/Users/vinceberry/Desktop/keenai/.venv/lib/python3.12/site-packages/tornado/websocket.py", line 1088, in wrapper
    await fut
tornado.iostream.StreamClosedError: Stream is closed

During handling of the above exception, another exception occurred:

Traceback (most recent call last):
  File "/Users/vinceberry/Desktop/keenai/.venv/lib/python3.12/site-packages/tornado/websocket.py", line 1090, in wrapper
    raise WebSocketClosedError()
tornado.websocket.WebSocketClosedError
2024-08-11 23:41:18 - ERROR - --------------------------------------------------
2024-08-11 23:41:18 - ERROR - Error for query: best song of 2023
2024-08-11 23:41:18 - ERROR - SQL: 'SELECT DISTINCT track, artist, album_name, release_date, ROUND(track_score, 2) AS track_score, ROUND(spotify_popularity, 2) AS spotify_popularity, spotify_streams, spotify_playlist_count, spotify_playlist_reach, all_time_rank, isrc FROM pg_music_slim WHERE release_date >= '2023-01-01 00:00:00' AND release_date < '2024-01-01 00:00:00' AND track IS NOT NULL AND artist IS NOT NULL AND album_name IS NOT NULL AND release_date IS NOT NULL AND track_score IS NOT NULL AND spotify_popularity IS NOT NULL AND spotify_streams IS NOT NULL AND spotify_playlist_count IS NOT NULL AND spotify_playlist_reach IS NOT NULL AND all_time_rank IS NOT NULL AND isrc IS NOT NULL ORDER BY track_score DESC, spotify_popularity DESC LIMIT 1;'
2024-08-11 23:41:18 - ERROR - Error message: (psycopg2.errors.UndefinedFunction) function round(double precision, integer) does not exist
LINE 1: ...DISTINCT track, artist, album_name, release_date, ROUND(trac...
                                                             ^
HINT:  No function matches the given name and argument types. You might need to add explicit type casts.

[SQL: SELECT DISTINCT track, artist, album_name, release_date, ROUND(track_score, 2) AS track_score, ROUND(spotify_popularity, 2) AS spotify_popularity, spotify_streams, spotify_playlist_count, spotify_playlist_reach, all_time_rank, isrc FROM pg_music_slim WHERE release_date >= '2023-01-01 00:00:00' AND release_date < '2024-01-01 00:00:00' AND track IS NOT NULL AND artist IS NOT NULL AND album_name IS NOT NULL AND release_date IS NOT NULL AND track_score IS NOT NULL AND spotify_popularity IS NOT NULL AND spotify_streams IS NOT NULL AND spotify_playlist_count IS NOT NULL AND spotify_playlist_reach IS NOT NULL AND all_time_rank IS NOT NULL AND isrc IS NOT NULL ORDER BY track_score DESC, spotify_popularity DESC LIMIT 1;]
(Background on this error at: https://sqlalche.me/e/20/f405)
2024-08-11 23:41:18 - ERROR - --------------------------------------------------

2024-08-11 23:52:18 - ERROR - Task exception was never retrieved
future: <Task finished name='Task-51' coro=<WebSocketProtocol13.write_message.<locals>.wrapper() done, defined at /Users/vinceberry/Desktop/keenai/.venv/lib/python3.12/site-packages/tornado/websocket.py:1086> exception=WebSocketClosedError()>
Traceback (most recent call last):
  File "/Users/vinceberry/Desktop/keenai/.venv/lib/python3.12/site-packages/tornado/websocket.py", line 1088, in wrapper
    await fut
tornado.iostream.StreamClosedError: Stream is closed

During handling of the above exception, another exception occurred:

Traceback (most recent call last):
  File "/Users/vinceberry/Desktop/keenai/.venv/lib/python3.12/site-packages/tornado/websocket.py", line 1090, in wrapper
    raise WebSocketClosedError()
tornado.websocket.WebSocketClosedError
2024-08-11 23:52:18 - ERROR - Task exception was never retrieved
future: <Task finished name='Task-119' coro=<WebSocketProtocol13.write_message.<locals>.wrapper() done, defined at /Users/vinceberry/Desktop/keenai/.venv/lib/python3.12/site-packages/tornado/websocket.py:1086> exception=WebSocketClosedError()>
Traceback (most recent call last):
  File "/Users/vinceberry/Desktop/keenai/.venv/lib/python3.12/site-packages/tornado/websocket.py", line 1088, in wrapper
    await fut
tornado.iostream.StreamClosedError: Stream is closed

During handling of the above exception, another exception occurred:

Traceback (most recent call last):
  File "/Users/vinceberry/Desktop/keenai/.venv/lib/python3.12/site-packages/tornado/websocket.py", line 1090, in wrapper
    raise WebSocketClosedError()
tornado.websocket.WebSocketClosedError
2024-08-12 15:50:08 - ERROR - --------------------------------------------------
2024-08-12 15:50:08 - ERROR - Error for query: who is elvis
2024-08-12 15:50:08 - ERROR - SQL: 'SELECT DISTINCT artist FROM pg_music_slim WHERE LOWER(artist) LIKE '%elvis%' AND artist IS NOT NULL;'
2024-08-12 15:50:08 - ERROR - Error message: No data returned.
2024-08-12 15:50:08 - ERROR - --------------------------------------------------

2024-08-12 15:50:09 - ERROR - --------------------------------------------------
2024-08-12 15:50:09 - ERROR - Error for query: who is elvis
2024-08-12 15:50:09 - ERROR - SQL: 'SELECT DISTINCT artist FROM pg_music_slim WHERE LOWER(artist) LIKE '%elvis%' AND artist IS NOT NULL;'
2024-08-12 15:50:09 - ERROR - Error message: No data returned.
2024-08-12 15:50:09 - ERROR - --------------------------------------------------

2024-08-12 15:50:11 - ERROR - --------------------------------------------------
2024-08-12 15:50:11 - ERROR - Error for query: who is elvis
2024-08-12 15:50:11 - ERROR - SQL: 'SELECT DISTINCT artist FROM pg_music_slim WHERE LOWER(artist) LIKE 'elvis' AND artist IS NOT NULL;'
2024-08-12 15:50:11 - ERROR - Error message: No data returned.
2024-08-12 15:50:11 - ERROR - --------------------------------------------------

2024-08-12 15:50:11 - ERROR - Failed to generate SQL query for user question:
who is elvis
